<?xml version="1.0" encoding="UTF-8"?>
<!-- Generated by org.testng.reporters.JUnitXMLReporter -->
<testsuite hostname="Adeleye-PC" name="Test" tests="1" failures="1" timestamp="5 Sep 2016 23:30:05 GMT" time="6.363" errors="0">
  <testcase name="MyTest" time="0.021" classname="WebdriverTest.WebdriverTest.FirstTesting">
    <failure type="java.lang.NullPointerException">
      <![CDATA[java.lang.NullPointerException
	at PageClasses.AnotherPage.end(AnotherPage.java:42)
	at WebdriverTest.WebdriverTest.FirstTesting.MyTest(FirstTesting.java:17)
... Removed 24 stack frames]]>
    </failure>
  </testcase> <!-- MyTest -->
</testsuite> <!-- Test -->
