<?xml version="1.0" encoding="UTF-8"?>
<testng-results skipped="0" failed="0" total="1" passed="1">
  <reporter-output>
  </reporter-output>
  <suite name="Default suite" duration-ms="14357" started-at="2016-09-06T00:28:06Z" finished-at="2016-09-06T00:28:20Z">
    <groups>
    </groups>
    <test name="Default test" duration-ms="14357" started-at="2016-09-06T00:28:06Z" finished-at="2016-09-06T00:28:20Z">
      <class name="WebdriverTest.WebdriverTest.FirstTesting">
        <test-method status="PASS" signature="setUp()[pri:0, instance:WebdriverTest.WebdriverTest.FirstTesting@4f30ec]" name="setUp" is-config="true" duration-ms="6406" started-at="2016-09-05T17:28:06Z" finished-at="2016-09-05T17:28:12Z">
          <reporter-output>
          </reporter-output>
        </test-method> <!-- setUp -->
        <test-method status="PASS" signature="MyTest()[pri:0, instance:WebdriverTest.WebdriverTest.FirstTesting@4f30ec]" name="MyTest" duration-ms="7928" started-at="2016-09-05T17:28:12Z" finished-at="2016-09-05T17:28:20Z">
          <reporter-output>
          </reporter-output>
        </test-method> <!-- MyTest -->
        <test-method status="PASS" signature="tearDown()[pri:0, instance:WebdriverTest.WebdriverTest.FirstTesting@4f30ec]" name="tearDown" is-config="true" duration-ms="0" started-at="2016-09-05T17:28:20Z" finished-at="2016-09-05T17:28:20Z">
          <reporter-output>
          </reporter-output>
        </test-method> <!-- tearDown -->
      </class> <!-- WebdriverTest.WebdriverTest.FirstTesting -->
    </test> <!-- Default test -->
  </suite> <!-- Default suite -->
</testng-results>
